C:\USERS\LUIS\LWT-BHO\LWTBHO\DEBUG\CHAJDOM.OBJ
C:\USERS\LUIS\LWT-BHO\LWTBHO\DEBUG\CHAJUTIL.OBJ
C:\USERS\LUIS\LWT-BHO\LWTBHO\DEBUG\TIODBC.OBJ
C:\USERS\LUIS\LWT-BHO\LWTBHO\DEBUG\HTMLLINGUISTICANNOTATOR.OBJ
C:\USERS\LUIS\LWT-BHO\LWTBHO\DEBUG\MAIN.OBJ
C:\USERS\LUIS\LWT-BHO\LWTBHO\DEBUG\OLD.OBJ
C:\USERS\LUIS\LWT-BHO\LWTBHO\DEBUG\VC110.PDB
C:\USERS\LUIS\LWT-BHO\DEBUG\LWTBHO_D.ILK
C:\USERS\LUIS\LWT-BHO\DEBUG\LWTBHO_D.DLL
C:\USERS\LUIS\LWT-BHO\DEBUG\LWTBHO_D.PDB
C:\Users\Luis\LWT-BHO\Debug\LwtBho_d.lib
C:\Users\Luis\LWT-BHO\Debug\LwtBho_d.exp
C:\USERS\LUIS\LWT-BHO\LWTBHO\DEBUG\LWTBHO.RES
C:\Users\Luis\LWT-BHO\LwtBho\Debug\chajDOM.obj
C:\Users\Luis\LWT-BHO\LwtBho\Debug\chajUtil.obj
C:\Users\Luis\LWT-BHO\LwtBho\Debug\HTMLLinguisticAnnotator.obj
C:\Users\Luis\LWT-BHO\LwtBho\Debug\main.obj
C:\Users\Luis\LWT-BHO\LwtBho\Debug\old.obj
C:\Users\Luis\LWT-BHO\LwtBho\Debug\tiodbc.obj
C:\Users\Luis\LWT-BHO\LwtBho\Debug\cl.command.1.tlog
C:\Users\Luis\LWT-BHO\LwtBho\Debug\CL.read.1.tlog
C:\Users\Luis\LWT-BHO\LwtBho\Debug\CL.write.1.tlog
C:\Users\Luis\LWT-BHO\LwtBho\Debug\link-cvtres.read.1.tlog
C:\Users\Luis\LWT-BHO\LwtBho\Debug\link-cvtres.write.1.tlog
C:\Users\Luis\LWT-BHO\LwtBho\Debug\link-rc.read.1.tlog
C:\Users\Luis\LWT-BHO\LwtBho\Debug\link-rc.write.1.tlog
C:\Users\Luis\LWT-BHO\LwtBho\Debug\link.command.1.tlog
C:\Users\Luis\LWT-BHO\LwtBho\Debug\link.read.1.tlog
C:\Users\Luis\LWT-BHO\LwtBho\Debug\link.write.1.tlog
C:\Users\Luis\LWT-BHO\LwtBho\Debug\LwtBho.write.1.tlog
C:\Users\Luis\LWT-BHO\LwtBho\Debug\rc.command.1.tlog
C:\Users\Luis\LWT-BHO\LwtBho\Debug\rc.read.1.tlog
C:\Users\Luis\LWT-BHO\LwtBho\Debug\rc.write.1.tlog
C:\Users\Luis\LWT-BHO\LwtBho\Debug\LwtBho.res
C:\Users\Luis\LWT-BHO\LwtBho\Debug\vc110.idb
C:\Users\Luis\LWT-BHO\LwtBho\Debug\vc110.pdb
C:\Users\Luis\LWT-BHO\Debug\LwtBho_d.pdb
C:\Users\Luis\LWT-BHO\Debug\LwtBho_d.dll
C:\Users\Luis\LWT-BHO\Debug\LwtBho_d.ilk
