Build started 8/31/2013 7:50:50 AM.
     1>Project "C:\Users\Luis\LWT-BHO\LwtBho\LwtBho.vcxproj" on node 2 (Rebuild target(s)).
     1>ClCompile:
         C:\Program Files (x86)\Microsoft Visual Studio 11.0\VC\bin\CL.exe /c /I"C:\Users\Luis\LWT-BHO\mysql++-3.1.0_lib" /Zi /nologo /W3 /WX- /O2 /Oi /Oy- /GL /D WIN32 /D NDEBUG /D _WINDOWS /D _USRDLL /D DLLTEST_EXPORTS /D _WINDLL /D _UNICODE /D UNICODE /Gm- /EHsc /MD /GS /Gy /fp:precise /Zc:wchar_t /Zc:forScope /Fo"Release\\" /Fd"Release\vc110.pdb" /Gd /TP /analyze- /errorReport:prompt chajDOM.cpp chajUtil.cpp tiodbc.cpp HTMLLinguisticAnnotator.cpp main.cpp old.cpp
         chajDOM.cpp
         chajUtil.cpp
         tiodbc.cpp
         HTMLLinguisticAnnotator.cpp
         main.cpp
     1>c:\users\luis\lwt-bho\lwtbho\LwtBho.h(842): warning C4129: '^' : unrecognized character escape sequence
     1>c:\users\luis\lwt-bho\lwtbho\LwtBho.h(3051): warning C4129: ';' : unrecognized character escape sequence
     1>c:\users\luis\lwt-bho\lwtbho\LwtBho.h(322): warning C4018: '<' : signed/unsigned mismatch
     1>c:\users\luis\lwt-bho\lwtbho\LwtBho.h(347): warning C4018: '<' : signed/unsigned mismatch
     1>c:\users\luis\lwt-bho\lwtbho\LwtBho.h(544): warning C4018: '<' : signed/unsigned mismatch
     1>c:\users\luis\lwt-bho\lwtbho\LwtBho.h(910): warning C4018: '<' : signed/unsigned mismatch
     1>c:\users\luis\lwt-bho\lwtbho\LwtBho.h(916): warning C4018: '<' : signed/unsigned mismatch
     1>c:\users\luis\lwt-bho\lwtbho\LwtBho.h(1013): warning C4018: '<' : signed/unsigned mismatch
     1>c:\users\luis\lwt-bho\lwtbho\LwtBho.h(1069): warning C4018: '<' : signed/unsigned mismatch
     1>c:\users\luis\lwt-bho\lwtbho\LwtBho.h(1113): warning C4018: '<' : signed/unsigned mismatch
     1>c:\users\luis\lwt-bho\lwtbho\LwtBho.h(1487): warning C4018: '<' : signed/unsigned mismatch
     1>c:\users\luis\lwt-bho\lwtbho\LwtBho.h(1492): warning C4018: '<' : signed/unsigned mismatch
     1>c:\users\luis\lwt-bho\lwtbho\LwtBho.h(1500): warning C4018: '<' : signed/unsigned mismatch
     1>c:\users\luis\lwt-bho\lwtbho\LwtBho.h(1604): warning C4018: '<' : signed/unsigned mismatch
     1>c:\users\luis\lwt-bho\lwtbho\LwtBho.h(1676): warning C4018: '<' : signed/unsigned mismatch
     1>c:\users\luis\lwt-bho\lwtbho\LwtBho.h(1681): warning C4018: '<' : signed/unsigned mismatch
     1>c:\users\luis\lwt-bho\lwtbho\LwtBho.h(1739): warning C4018: '<' : signed/unsigned mismatch
     1>c:\users\luis\lwt-bho\lwtbho\LwtBho.h(1744): warning C4018: '<' : signed/unsigned mismatch
     1>c:\users\luis\lwt-bho\lwtbho\LwtBho.h(1764): warning C4018: '<' : signed/unsigned mismatch
     1>c:\users\luis\lwt-bho\lwtbho\LwtBho.h(1787): warning C4018: '<' : signed/unsigned mismatch
     1>c:\users\luis\lwt-bho\lwtbho\LwtBho.h(1791): warning C4018: '<' : signed/unsigned mismatch
     1>c:\users\luis\lwt-bho\lwtbho\LwtBho.h(1820): warning C4018: '<' : signed/unsigned mismatch
     1>c:\users\luis\lwt-bho\lwtbho\LwtBho.h(1965): warning C4018: '<' : signed/unsigned mismatch
     1>c:\users\luis\lwt-bho\lwtbho\LwtBho.h(2012): warning C4018: '<' : signed/unsigned mismatch
     1>c:\users\luis\lwt-bho\lwtbho\LwtBho.h(2035): warning C4018: '<' : signed/unsigned mismatch
     1>c:\users\luis\lwt-bho\lwtbho\LwtBho.h(2114): warning C4101: 'ia' : unreferenced local variable
     1>c:\users\luis\lwt-bho\lwtbho\LwtBho.h(2151): warning C4101: 'ia' : unreferenced local variable
     1>c:\users\luis\lwt-bho\lwtbho\LwtBho.h(2628): warning C4018: '<' : signed/unsigned mismatch
     1>c:\users\luis\lwt-bho\lwtbho\LwtBho.h(2638): warning C4018: '<' : signed/unsigned mismatch
     1>c:\users\luis\lwt-bho\lwtbho\LwtBho.h(2667): warning C4018: '<' : signed/unsigned mismatch
     1>c:\users\luis\lwt-bho\lwtbho\LwtBho.h(2850): warning C4018: '<' : signed/unsigned mismatch
     1>c:\users\luis\lwt-bho\lwtbho\LwtBho.h(2854): warning C4018: '<' : signed/unsigned mismatch
     1>c:\users\luis\lwt-bho\lwtbho\LwtBho.h(2866): warning C4018: '<' : signed/unsigned mismatch
     1>c:\users\luis\lwt-bho\lwtbho\LwtBho.h(2870): warning C4018: '<' : signed/unsigned mismatch
     1>c:\users\luis\lwt-bho\lwtbho\LwtBho.h(2927): warning C4018: '<' : signed/unsigned mismatch
     1>c:\users\luis\lwt-bho\lwtbho\LwtBho.h(3086): warning C4018: '<' : signed/unsigned mismatch
     1>c:\users\luis\lwt-bho\lwtbho\LwtBho.h(3090): warning C4018: '<' : signed/unsigned mismatch
     1>c:\users\luis\lwt-bho\lwtbho\LwtBho.h(3105): warning C4018: '<' : signed/unsigned mismatch
     1>c:\users\luis\lwt-bho\lwtbho\LwtBho.h(3151): warning C4018: '<' : signed/unsigned mismatch
     1>c:\users\luis\lwt-bho\lwtbho\LwtBho.h(3159): warning C4018: '<' : signed/unsigned mismatch
     1>c:\users\luis\lwt-bho\lwtbho\LwtBho.h(3184): warning C4018: '<' : signed/unsigned mismatch
     1>c:\users\luis\lwt-bho\lwtbho\LwtBho.h(3298): warning C4018: '<' : signed/unsigned mismatch
     1>c:\users\luis\lwt-bho\lwtbho\LwtBho.h(3300): warning C4018: '<' : signed/unsigned mismatch
     1>c:\users\luis\lwt-bho\lwtbho\LwtBho.h(3429): warning C4018: '<' : signed/unsigned mismatch
     1>c:\users\luis\lwt-bho\lwtbho\LwtBho.h(3501): warning C4018: '<' : signed/unsigned mismatch
         old.cpp
       ResourceCompile:
         C:\Program Files (x86)\Windows Kits\8.0\bin\x86\rc.exe /D _UNICODE /D UNICODE /l"0x0409" /nologo /fo"Release\LwtBho.res" LwtBho.rc 
     1>C:\Program Files (x86)\Microsoft Visual Studio 11.0\VC\include\string.h(57): warning RC4011: identifier truncated to '_CRT_SECURE_CPP_OVERLOAD_STANDA'
         
     1>C:\Program Files (x86)\Microsoft Visual Studio 11.0\VC\include\string.h(79): warning RC4011: identifier truncated to '_CRT_SECURE_CPP_OVERLOAD_SECURE'
         
       Link:
         C:\Program Files (x86)\Microsoft Visual Studio 11.0\VC\bin\link.exe /ERRORREPORT:PROMPT /OUT:"C:\Users\Luis\LWT-BHO\Release\LwtBho.dll" /INCREMENTAL:NO /NOLOGO /LIBPATH:"C:\Users\Luis\LWT-BHO\Release\\" comsuppw.lib libmysql.lib mysqlpp.lib kernel32.lib user32.lib gdi32.lib winspool.lib comdlg32.lib advapi32.lib shell32.lib ole32.lib oleaut32.lib uuid.lib odbc32.lib odbccp32.lib /DEF:"main.def" /MANIFEST /MANIFESTUAC:"level='asInvoker' uiAccess='false'" /manifest:embed /DEBUG /PDB:"C:\Users\Luis\LWT-BHO\Release\LwtBho.pdb" /SUBSYSTEM:WINDOWS /OPT:REF /OPT:ICF /LTCG /TLBID:1 /DYNAMICBASE /NXCOMPAT /IMPLIB:"C:\Users\Luis\LWT-BHO\Release\LwtBho.lib" /MACHINE:X86 /SAFESEH /DLL Release\LwtBho.res
         Release\chajDOM.obj
         Release\chajUtil.obj
         Release\tiodbc.obj
         Release\HTMLLinguisticAnnotator.obj
         Release\main.obj
         Release\old.obj
            Creating library C:\Users\Luis\LWT-BHO\Release\LwtBho.lib and object C:\Users\Luis\LWT-BHO\Release\LwtBho.exp
         Generating code
         Finished generating code
         LwtBho.vcxproj -> C:\Users\Luis\LWT-BHO\Release\LwtBho.dll
     1>Done Building Project "C:\Users\Luis\LWT-BHO\LwtBho\LwtBho.vcxproj" (Rebuild target(s)).

Build succeeded.

Time Elapsed 00:00:14.58
