C:\USERS\LUIS\LWT-BHO\LWTBHO\RELEASE\OLD.OBJ
C:\USERS\LUIS\LWT-BHO\LWTBHO\RELEASE\MAIN.OBJ
C:\USERS\LUIS\LWT-BHO\LWTBHO\RELEASE\HTMLLINGUISTICANNOTATOR.OBJ
C:\USERS\LUIS\LWT-BHO\LWTBHO\RELEASE\TIODBC.OBJ
C:\USERS\LUIS\LWT-BHO\LWTBHO\RELEASE\CHAJUTIL.OBJ
C:\USERS\LUIS\LWT-BHO\LWTBHO\RELEASE\CHAJDOM.OBJ
C:\USERS\LUIS\LWT-BHO\LWTBHO\RELEASE\VC110.PDB
C:\USERS\LUIS\LWT-BHO\RELEASE\LWTBHO.DLL
C:\USERS\LUIS\LWT-BHO\RELEASE\LWTBHO.PDB
C:\Users\Luis\LWT-BHO\Release\LwtBho.lib
C:\Users\Luis\LWT-BHO\Release\LwtBho.exp
C:\USERS\LUIS\LWT-BHO\LWTBHO\RELEASE\LWTBHO.RES
C:\Users\Luis\LWT-BHO\LwtBho\Release\chajDOM.obj
C:\Users\Luis\LWT-BHO\LwtBho\Release\chajUtil.obj
C:\Users\Luis\LWT-BHO\LwtBho\Release\HTMLLinguisticAnnotator.obj
C:\Users\Luis\LWT-BHO\LwtBho\Release\main.obj
C:\Users\Luis\LWT-BHO\LwtBho\Release\old.obj
C:\Users\Luis\LWT-BHO\LwtBho\Release\tiodbc.obj
C:\Users\Luis\LWT-BHO\LwtBho\Release\cl.command.1.tlog
C:\Users\Luis\LWT-BHO\LwtBho\Release\CL.read.1.tlog
C:\Users\Luis\LWT-BHO\LwtBho\Release\CL.write.1.tlog
C:\Users\Luis\LWT-BHO\LwtBho\Release\link-cvtres.read.1.tlog
C:\Users\Luis\LWT-BHO\LwtBho\Release\link-cvtres.write.1.tlog
C:\Users\Luis\LWT-BHO\LwtBho\Release\link-rc.read.1.tlog
C:\Users\Luis\LWT-BHO\LwtBho\Release\link-rc.write.1.tlog
C:\Users\Luis\LWT-BHO\LwtBho\Release\link.command.1.tlog
C:\Users\Luis\LWT-BHO\LwtBho\Release\link.read.1.tlog
C:\Users\Luis\LWT-BHO\LwtBho\Release\link.write.1.tlog
C:\Users\Luis\LWT-BHO\LwtBho\Release\LwtBho.write.1.tlog
C:\Users\Luis\LWT-BHO\LwtBho\Release\rc.command.1.tlog
C:\Users\Luis\LWT-BHO\LwtBho\Release\rc.read.1.tlog
C:\Users\Luis\LWT-BHO\LwtBho\Release\rc.write.1.tlog
C:\Users\Luis\LWT-BHO\LwtBho\Release\LwtBho.res
C:\Users\Luis\LWT-BHO\LwtBho\Release\vc110.pdb
C:\Users\Luis\LWT-BHO\Release\LwtBho.pdb
C:\Users\Luis\LWT-BHO\Release\LwtBho.dll
